# JRE version: OpenJDK Runtime Environment Temurin-17.0.13+11 (17.0.13+11) (build 17.0.13+11)
# Java VM: OpenJDK 64-Bit Server VM Temurin-17.0.13+11 (17.0.13+11, mixed mode, tiered, compressed oops, compressed class ptrs, parallel gc, windows-amd64)
GC Precious Log:
 CPUs: 16 total, 16 available
 Memory: 7893M
 Large Page Support: Disabled
 NUMA Support: Disabled
 Compressed Oops: Enabled (32-bit)
 Alignments: Space 512K, Generation 512K, Heap 2M
 Heap Min Capacity: 100M
 Heap Initial Capacity: 100M
 Heap Max Capacity: 1G
 Pre-touch: Disabled
 Parallel Workers: 13
Heap:
 PSYoungGen      total 22528K, used 2794K [0x00000000eab00000, 0x00000000ec300000, 0x0000000100000000)
  eden space 21504K, 9% used [0x00000000eab00000,0x00000000eacfabf8,0x00000000ec000000)
  from space 1024K, 75% used [0x00000000ec200000,0x00000000ec2c0000,0x00000000ec300000)
  to   space 1536K, 0% used [0x00000000ec000000,0x00000000ec000000,0x00000000ec180000)
 ParOldGen       total 68608K, used 22322K [0x00000000c0000000, 0x00000000c4300000, 0x00000000eab00000)
  object space 68608K, 32% used [0x00000000c0000000,0x00000000c15cc818,0x00000000c4300000)
 Metaspace       used 45639K, committed 46464K, reserved 1114112K
  class space    used 4630K, committed 4992K, reserved 1048576K
GC Heap History (20 events):
Event: 8.744 GC heap before
{Heap before GC invocations=11 (full 1):
 PSYoungGen      total 26624K, used 5035K [0x00000000eab00000, 0x00000000ec900000, 0x0000000100000000)
  eden space 23552K, 10% used [0x00000000eab00000,0x00000000ead639b0,0x00000000ec200000)
  from space 3072K, 84% used [0x00000000ec280000,0x00000000ec5073b0,0x00000000ec580000)
  to   space 3584K, 0% used [0x00000000ec580000,0x00000000ec580000,0x00000000ec900000)
 ParOldGen       total 68608K, used 10768K [0x00000000c0000000, 0x00000000c4300000, 0x00000000eab00000)
  object space 68608K, 15% used [0x00000000c0000000,0x00000000c0a84118,0x00000000c4300000)
 Metaspace       used 35522K, committed 36160K, reserved 1114112K
  class space    used 3531K, committed 3776K, reserved 1048576K
}
Event: 8.746 GC heap after
{Heap after GC invocations=11 (full 1):
 PSYoungGen      total 24064K, used 416K [0x00000000eab00000, 0x00000000ec600000, 0x0000000100000000)
  eden space 23552K, 0% used [0x00000000eab00000,0x00000000eab00000,0x00000000ec200000)
  from space 512K, 81% used [0x00000000ec580000,0x00000000ec5e8000,0x00000000ec600000)
  to   space 1536K, 0% used [0x00000000ec300000,0x00000000ec300000,0x00000000ec480000)
 ParOldGen       total 68608K, used 13104K [0x00000000c0000000, 0x00000000c4300000, 0x00000000eab00000)
  object space 68608K, 19% used [0x00000000c0000000,0x00000000c0ccc1b8,0x00000000c4300000)
 Metaspace       used 35522K, committed 36160K, reserved 1114112K
  class space    used 3531K, committed 3776K, reserved 1048576K
}
Event: 8.746 GC heap before
{Heap before GC invocations=12 (full 2):
 PSYoungGen      total 24064K, used 416K [0x00000000eab00000, 0x00000000ec600000, 0x0000000100000000)
  eden space 23552K, 0% used [0x00000000eab00000,0x00000000eab00000,0x00000000ec200000)
  from space 512K, 81% used [0x00000000ec580000,0x00000000ec5e8000,0x00000000ec600000)
  to   space 1536K, 0% used [0x00000000ec300000,0x00000000ec300000,0x00000000ec480000)
 ParOldGen       total 68608K, used 13104K [0x00000000c0000000, 0x00000000c4300000, 0x00000000eab00000)
  object space 68608K, 19% used [0x00000000c0000000,0x00000000c0ccc1b8,0x00000000c4300000)
 Metaspace       used 35522K, committed 36160K, reserved 1114112K
  class space    used 3531K, committed 3776K, reserved 1048576K
}
Event: 8.762 GC heap after
{Heap after GC invocations=12 (full 2):
 PSYoungGen      total 24064K, used 0K [0x00000000eab00000, 0x00000000ec600000, 0x0000000100000000)
  eden space 23552K, 0% used [0x00000000eab00000,0x00000000eab00000,0x00000000ec200000)
  from space 512K, 0% used [0x00000000ec580000,0x00000000ec580000,0x00000000ec600000)
  to   space 1536K, 0% used [0x00000000ec300000,0x00000000ec300000,0x00000000ec480000)
 ParOldGen       total 68608K, used 12994K [0x00000000c0000000, 0x00000000c4300000, 0x00000000eab00000)
  object space 68608K, 18% used [0x00000000c0000000,0x00000000c0cb0940,0x00000000c4300000)
 Metaspace       used 35522K, committed 36160K, reserved 1114112K
  class space    used 3531K, committed 3776K, reserved 1048576K
}
Event: 9.001 GC heap before
{Heap before GC invocations=13 (full 2):
 PSYoungGen      total 24064K, used 23552K [0x00000000eab00000, 0x00000000ec600000, 0x0000000100000000)
  eden space 23552K, 100% used [0x00000000eab00000,0x00000000ec200000,0x00000000ec200000)
  from space 512K, 0% used [0x00000000ec580000,0x00000000ec580000,0x00000000ec600000)
  to   space 1536K, 0% used [0x00000000ec300000,0x00000000ec300000,0x00000000ec480000)
 ParOldGen       total 68608K, used 12994K [0x00000000c0000000, 0x00000000c4300000, 0x00000000eab00000)
  object space 68608K, 18% used [0x00000000c0000000,0x00000000c0cb0940,0x00000000c4300000)
 Metaspace       used 38581K, committed 39296K, reserved 1114112K
  class space    used 3863K, committed 4160K, reserved 1048576K
}
Event: 9.003 GC heap after
{Heap after GC invocations=13 (full 2):
 PSYoungGen      total 24576K, used 1507K [0x00000000eab00000, 0x00000000ec680000, 0x0000000100000000)
  eden space 23040K, 0% used [0x00000000eab00000,0x00000000eab00000,0x00000000ec180000)
  from space 1536K, 98% used [0x00000000ec300000,0x00000000ec478ec8,0x00000000ec480000)
  to   space 2048K, 0% used [0x00000000ec480000,0x00000000ec480000,0x00000000ec680000)
 ParOldGen       total 68608K, used 13362K [0x00000000c0000000, 0x00000000c4300000, 0x00000000eab00000)
  object space 68608K, 19% used [0x00000000c0000000,0x00000000c0d0c940,0x00000000c4300000)
 Metaspace       used 38581K, committed 39296K, reserved 1114112K
  class space    used 3863K, committed 4160K, reserved 1048576K
}
Event: 9.100 GC heap before
{Heap before GC invocations=14 (full 2):
 PSYoungGen      total 24576K, used 24547K [0x00000000eab00000, 0x00000000ec680000, 0x0000000100000000)
  eden space 23040K, 100% used [0x00000000eab00000,0x00000000ec180000,0x00000000ec180000)
  from space 1536K, 98% used [0x00000000ec300000,0x00000000ec478ec8,0x00000000ec480000)
  to   space 2048K, 0% used [0x00000000ec480000,0x00000000ec480000,0x00000000ec680000)
 ParOldGen       total 68608K, used 13362K [0x00000000c0000000, 0x00000000c4300000, 0x00000000eab00000)
  object space 68608K, 19% used [0x00000000c0000000,0x00000000c0d0c940,0x00000000c4300000)
 Metaspace       used 39226K, committed 40000K, reserved 1114112K
  class space    used 3974K, committed 4288K, reserved 1048576K
}
Event: 9.103 GC heap after
{Heap after GC invocations=14 (full 2):
 PSYoungGen      total 24064K, used 2033K [0x00000000eab00000, 0x00000000ec900000, 0x0000000100000000)
  eden space 22016K, 0% used [0x00000000eab00000,0x00000000eab00000,0x00000000ec080000)
  from space 2048K, 99% used [0x00000000ec480000,0x00000000ec67c460,0x00000000ec680000)
  to   space 4096K, 0% used [0x00000000ec080000,0x00000000ec080000,0x00000000ec480000)
 ParOldGen       total 68608K, used 14859K [0x00000000c0000000, 0x00000000c4300000, 0x00000000eab00000)
  object space 68608K, 21% used [0x00000000c0000000,0x00000000c0e82f28,0x00000000c4300000)
 Metaspace       used 39226K, committed 40000K, reserved 1114112K
  class space    used 3974K, committed 4288K, reserved 1048576K
}
Event: 9.160 GC heap before
{Heap before GC invocations=15 (full 2):
 PSYoungGen      total 24064K, used 24049K [0x00000000eab00000, 0x00000000ec900000, 0x0000000100000000)
  eden space 22016K, 100% used [0x00000000eab00000,0x00000000ec080000,0x00000000ec080000)
  from space 2048K, 99% used [0x00000000ec480000,0x00000000ec67c460,0x00000000ec680000)
  to   space 4096K, 0% used [0x00000000ec080000,0x00000000ec080000,0x00000000ec480000)
 ParOldGen       total 68608K, used 14859K [0x00000000c0000000, 0x00000000c4300000, 0x00000000eab00000)
  object space 68608K, 21% used [0x00000000c0000000,0x00000000c0e82f28,0x00000000c4300000)
 Metaspace       used 39338K, committed 40192K, reserved 1114112K
  class space    used 3978K, committed 4352K, reserved 1048576K
}
Event: 9.163 GC heap after
{Heap after GC invocations=15 (full 2):
 PSYoungGen      total 24576K, used 2210K [0x00000000eab00000, 0x00000000ec680000, 0x0000000100000000)
  eden space 22016K, 0% used [0x00000000eab00000,0x00000000eab00000,0x00000000ec080000)
  from space 2560K, 86% used [0x00000000ec080000,0x00000000ec2a8800,0x00000000ec300000)
  to   space 3072K, 0% used [0x00000000ec380000,0x00000000ec380000,0x00000000ec680000)
 ParOldGen       total 68608K, used 16819K [0x00000000c0000000, 0x00000000c4300000, 0x00000000eab00000)
  object space 68608K, 24% used [0x00000000c0000000,0x00000000c106cf88,0x00000000c4300000)
 Metaspace       used 39338K, committed 40192K, reserved 1114112K
  class space    used 3978K, committed 4352K, reserved 1048576K
}
Event: 9.239 GC heap before
{Heap before GC invocations=16 (full 2):
 PSYoungGen      total 24576K, used 24226K [0x00000000eab00000, 0x00000000ec680000, 0x0000000100000000)
  eden space 22016K, 100% used [0x00000000eab00000,0x00000000ec080000,0x00000000ec080000)
  from space 2560K, 86% used [0x00000000ec080000,0x00000000ec2a8800,0x00000000ec300000)
  to   space 3072K, 0% used [0x00000000ec380000,0x00000000ec380000,0x00000000ec680000)
 ParOldGen       total 68608K, used 16819K [0x00000000c0000000, 0x00000000c4300000, 0x00000000eab00000)
  object space 68608K, 24% used [0x00000000c0000000,0x00000000c106cf88,0x00000000c4300000)
 Metaspace       used 39882K, committed 40704K, reserved 1114112K
  class space    used 4042K, committed 4352K, reserved 1048576K
}
Event: 9.241 GC heap after
{Heap after GC invocations=16 (full 2):
 PSYoungGen      total 24064K, used 1984K [0x00000000eab00000, 0x00000000ec580000, 0x0000000100000000)
  eden space 22016K, 0% used [0x00000000eab00000,0x00000000eab00000,0x00000000ec080000)
  from space 2048K, 96% used [0x00000000ec380000,0x00000000ec570010,0x00000000ec580000)
  to   space 2560K, 0% used [0x00000000ec080000,0x00000000ec080000,0x00000000ec300000)
 ParOldGen       total 68608K, used 18844K [0x00000000c0000000, 0x00000000c4300000, 0x00000000eab00000)
  object space 68608K, 27% used [0x00000000c0000000,0x00000000c1267008,0x00000000c4300000)
 Metaspace       used 39882K, committed 40704K, reserved 1114112K
  class space    used 4042K, committed 4352K, reserved 1048576K
}
Event: 9.430 GC heap before
{Heap before GC invocations=17 (full 2):
 PSYoungGen      total 24064K, used 24000K [0x00000000eab00000, 0x00000000ec580000, 0x0000000100000000)
  eden space 22016K, 100% used [0x00000000eab00000,0x00000000ec080000,0x00000000ec080000)
  from space 2048K, 96% used [0x00000000ec380000,0x00000000ec570010,0x00000000ec580000)
  to   space 2560K, 0% used [0x00000000ec080000,0x00000000ec080000,0x00000000ec300000)
 ParOldGen       total 68608K, used 18844K [0x00000000c0000000, 0x00000000c4300000, 0x00000000eab00000)
  object space 68608K, 27% used [0x00000000c0000000,0x00000000c1267008,0x00000000c4300000)
 Metaspace       used 41799K, committed 42624K, reserved 1114112K
  class space    used 4268K, committed 4608K, reserved 1048576K
}
Event: 9.432 GC heap after
{Heap after GC invocations=17 (full 2):
 PSYoungGen      total 23040K, used 758K [0x00000000eab00000, 0x00000000ec400000, 0x0000000100000000)
  eden space 22016K, 0% used [0x00000000eab00000,0x00000000eab00000,0x00000000ec080000)
  from space 1024K, 74% used [0x00000000ec080000,0x00000000ec13da78,0x00000000ec180000)
  to   space 1536K, 0% used [0x00000000ec280000,0x00000000ec280000,0x00000000ec400000)
 ParOldGen       total 68608K, used 20579K [0x00000000c0000000, 0x00000000c4300000, 0x00000000eab00000)
  object space 68608K, 29% used [0x00000000c0000000,0x00000000c1418ef0,0x00000000c4300000)
 Metaspace       used 41799K, committed 42624K, reserved 1114112K
  class space    used 4268K, committed 4608K, reserved 1048576K
}
Event: 9.592 GC heap before
{Heap before GC invocations=18 (full 2):
 PSYoungGen      total 23040K, used 22774K [0x00000000eab00000, 0x00000000ec400000, 0x0000000100000000)
  eden space 22016K, 100% used [0x00000000eab00000,0x00000000ec080000,0x00000000ec080000)
  from space 1024K, 74% used [0x00000000ec080000,0x00000000ec13da78,0x00000000ec180000)
  to   space 1536K, 0% used [0x00000000ec280000,0x00000000ec280000,0x00000000ec400000)
 ParOldGen       total 68608K, used 20579K [0x00000000c0000000, 0x00000000c4300000, 0x00000000eab00000)
  object space 68608K, 29% used [0x00000000c0000000,0x00000000c1418ef0,0x00000000c4300000)
 Metaspace       used 43740K, committed 44672K, reserved 1114112K
  class space    used 4447K, committed 4864K, reserved 1048576K
}
Event: 9.593 GC heap after
{Heap after GC invocations=18 (full 2):
 PSYoungGen      total 23040K, used 1533K [0x00000000eab00000, 0x00000000ec580000, 0x0000000100000000)
  eden space 21504K, 0% used [0x00000000eab00000,0x00000000eab00000,0x00000000ec000000)
  from space 1536K, 99% used [0x00000000ec280000,0x00000000ec3ff4f0,0x00000000ec400000)
  to   space 2560K, 0% used [0x00000000ec000000,0x00000000ec000000,0x00000000ec280000)
 ParOldGen       total 68608K, used 21262K [0x00000000c0000000, 0x00000000c4300000, 0x00000000eab00000)
  object space 68608K, 30% used [0x00000000c0000000,0x00000000c14c3910,0x00000000c4300000)
 Metaspace       used 43740K, committed 44672K, reserved 1114112K
  class space    used 4447K, committed 4864K, reserved 1048576K
}
Event: 9.627 GC heap before
{Heap before GC invocations=19 (full 2):
 PSYoungGen      total 23040K, used 23037K [0x00000000eab00000, 0x00000000ec580000, 0x0000000100000000)
  eden space 21504K, 100% used [0x00000000eab00000,0x00000000ec000000,0x00000000ec000000)
  from space 1536K, 99% used [0x00000000ec280000,0x00000000ec3ff4f0,0x00000000ec400000)
  to   space 2560K, 0% used [0x00000000ec000000,0x00000000ec000000,0x00000000ec280000)
 ParOldGen       total 68608K, used 21262K [0x00000000c0000000, 0x00000000c4300000, 0x00000000eab00000)
  object space 68608K, 30% used [0x00000000c0000000,0x00000000c14c3910,0x00000000c4300000)
 Metaspace       used 43773K, committed 44672K, reserved 1114112K
  class space    used 4447K, committed 4864K, reserved 1048576K
}
Event: 9.628 GC heap after
{Heap after GC invocations=19 (full 2):
 PSYoungGen      total 23040K, used 1447K [0x00000000eab00000, 0x00000000ec400000, 0x0000000100000000)
  eden space 21504K, 0% used [0x00000000eab00000,0x00000000eab00000,0x00000000ec000000)
  from space 1536K, 94% used [0x00000000ec000000,0x00000000ec169eb0,0x00000000ec180000)
  to   space 2048K, 0% used [0x00000000ec200000,0x00000000ec200000,0x00000000ec400000)
 ParOldGen       total 68608K, used 22282K [0x00000000c0000000, 0x00000000c4300000, 0x00000000eab00000)
  object space 68608K, 32% used [0x00000000c0000000,0x00000000c15c2818,0x00000000c4300000)
 Metaspace       used 43773K, committed 44672K, reserved 1114112K
  class space    used 4447K, committed 4864K, reserved 1048576K
}
Event: 9.740 GC heap before
{Heap before GC invocations=20 (full 2):
 PSYoungGen      total 23040K, used 22951K [0x00000000eab00000, 0x00000000ec400000, 0x0000000100000000)
  eden space 21504K, 100% used [0x00000000eab00000,0x00000000ec000000,0x00000000ec000000)
  from space 1536K, 94% used [0x00000000ec000000,0x00000000ec169eb0,0x00000000ec180000)
  to   space 2048K, 0% used [0x00000000ec200000,0x00000000ec200000,0x00000000ec400000)
 ParOldGen       total 68608K, used 22282K [0x00000000c0000000, 0x00000000c4300000, 0x00000000eab00000)
  object space 68608K, 32% used [0x00000000c0000000,0x00000000c15c2818,0x00000000c4300000)
 Metaspace       used 45440K, committed 46272K, reserved 1114112K
  class space    used 4618K, committed 4992K, reserved 1048576K
}
Event: 9.742 GC heap after
{Heap after GC invocations=20 (full 2):
 PSYoungGen      total 22528K, used 768K [0x00000000eab00000, 0x00000000ec300000, 0x0000000100000000)
  eden space 21504K, 0% used [0x00000000eab00000,0x00000000eab00000,0x00000000ec000000)
  from space 1024K, 75% used [0x00000000ec200000,0x00000000ec2c0000,0x00000000ec300000)
  to   space 1536K, 0% used [0x00000000ec000000,0x00000000ec000000,0x00000000ec180000)
 ParOldGen       total 68608K, used 22322K [0x00000000c0000000, 0x00000000c4300000, 0x00000000eab00000)
  object space 68608K, 32% used [0x00000000c0000000,0x00000000c15cc818,0x00000000c4300000)
 Metaspace       used 45440K, committed 46272K, reserved 1114112K
  class space    used 4618K, committed 4992K, reserved 1048576K
}

